app/build/intermediates/manifest_merge_blame_file/debug/manifest-merger-blame-debug-report.txt
1<?xml version="1.0" encoding="utf-8"?>
2<manifest xmlns:android="http://schemas.android.com/apk/res/android"
3    package="com.example.magdadmilbat"
4    android:versionCode="1"
5    android:versionName="1.0" >
6
7    <uses-sdk
8        android:minSdkVersion="21"
8-->src\main\AndroidManifest.xml
9        android:targetSdkVersion="31" />
9-->src\main\AndroidManifest.xml
10
11    <uses-permission android:name="android.permission.CAMERA" />
11-->src\main\AndroidManifest.xml:6:5-64
11-->src\main\AndroidManifest.xml:6:22-62
12
13    <uses-feature
13-->src\main\AndroidManifest.xml:7:5-84
14        android:name="android.hardware.camera"
14-->src\main\AndroidManifest.xml:7:19-57
15        android:required="false" />
15-->src\main\AndroidManifest.xml:7:58-82
16    <uses-feature
16-->src\main\AndroidManifest.xml:8:5-94
17        android:name="android.hardware.camera.autofocus"
17-->src\main\AndroidManifest.xml:8:19-67
18        android:required="false" />
18-->src\main\AndroidManifest.xml:8:68-92
19    <uses-feature
19-->src\main\AndroidManifest.xml:9:5-90
20        android:name="android.hardware.camera.front"
20-->src\main\AndroidManifest.xml:9:19-63
21        android:required="false" />
21-->src\main\AndroidManifest.xml:9:64-88
22    <uses-feature
22-->src\main\AndroidManifest.xml:10:5-100
23        android:name="android.hardware.camera.front.autofocus"
23-->src\main\AndroidManifest.xml:10:19-73
24        android:required="false" />
24-->src\main\AndroidManifest.xml:10:74-98
25
26    <uses-permission android:name="android.permission.ACCESS_NETWORK_STATE" />
26-->[com.google.firebase:firebase-inappmessaging:19.1.5] AndroidManifest.xml:10:5-79
26-->[com.google.firebase:firebase-inappmessaging:19.1.5] AndroidManifest.xml:10:22-76
27    <uses-permission android:name="android.permission.INTERNET" />
27-->[com.google.firebase:firebase-inappmessaging:19.1.5] AndroidManifest.xml:11:5-67
27-->[com.google.firebase:firebase-inappmessaging:19.1.5] AndroidManifest.xml:11:22-64
28
29    <application
29-->src\main\AndroidManifest.xml:12:5-45:19
30        android:allowBackup="true"
30-->src\main\AndroidManifest.xml:13:9-35
31        android:appComponentFactory="androidx.core.app.CoreComponentFactory"
31-->[androidx.core:core:1.5.0] AndroidManifest.xml:24:18-86
32        android:debuggable="true"
33        android:icon="@mipmap/ic_launcher"
33-->src\main\AndroidManifest.xml:14:9-43
34        android:label="נשיפה עמוקה"
34-->src\main\AndroidManifest.xml:15:9-36
35        android:roundIcon="@mipmap/ic_launcher_round"
35-->src\main\AndroidManifest.xml:16:9-54
36        android:supportsRtl="true"
36-->src\main\AndroidManifest.xml:17:9-35
37        android:testOnly="true"
38        android:theme="@style/Theme.MagdadMilbat" >
38-->src\main\AndroidManifest.xml:18:9-50
39        <activity
39-->src\main\AndroidManifest.xml:19:9-21:40
40            android:name="com.example.magdadmilbat.exercise_details"
40-->src\main\AndroidManifest.xml:20:13-69
41            android:exported="false" />
41-->src\main\AndroidManifest.xml:21:13-37
42        <activity
42-->src\main\AndroidManifest.xml:22:9-24:40
43            android:name="com.example.magdadmilbat.Feedback"
43-->src\main\AndroidManifest.xml:23:13-61
44            android:exported="false" />
44-->src\main\AndroidManifest.xml:24:13-37
45        <activity
45-->src\main\AndroidManifest.xml:25:9-29:15
46            android:name="com.example.magdadmilbat.ExercisePage"
46-->src\main\AndroidManifest.xml:26:13-65
47            android:exported="false"
47-->src\main\AndroidManifest.xml:27:13-37
48            android:theme="@android:style/Theme.NoTitleBar.Fullscreen" />
48-->src\main\AndroidManifest.xml:28:13-71
49        <activity
49-->src\main\AndroidManifest.xml:30:9-32:40
50            android:name="com.example.magdadmilbat.HistoryPage"
50-->src\main\AndroidManifest.xml:31:13-64
51            android:exported="false" />
51-->src\main\AndroidManifest.xml:32:13-37
52        <activity
52-->src\main\AndroidManifest.xml:33:9-35:40
53            android:name="com.example.magdadmilbat.SettingsPage"
53-->src\main\AndroidManifest.xml:34:13-65
54            android:exported="false" />
54-->src\main\AndroidManifest.xml:35:13-37
55        <activity
55-->src\main\AndroidManifest.xml:36:9-44:20
56            android:name="com.example.magdadmilbat.MainActivity"
56-->src\main\AndroidManifest.xml:37:13-65
57            android:exported="true" >
57-->src\main\AndroidManifest.xml:38:13-36
58            <intent-filter>
58-->src\main\AndroidManifest.xml:39:13-43:29
59                <action android:name="android.intent.action.MAIN" />
59-->src\main\AndroidManifest.xml:40:17-69
59-->src\main\AndroidManifest.xml:40:25-66
60
61                <category android:name="android.intent.category.LAUNCHER" />
61-->src\main\AndroidManifest.xml:42:17-77
61-->src\main\AndroidManifest.xml:42:27-74
62            </intent-filter>
63        </activity>
64
65        <service
65-->[com.google.firebase:firebase-inappmessaging:19.1.5] AndroidManifest.xml:14:9-20:19
66            android:name="com.google.firebase.components.ComponentDiscoveryService"
66-->[com.google.firebase:firebase-inappmessaging:19.1.5] AndroidManifest.xml:15:13-84
67            android:directBootAware="true"
67-->[com.google.firebase:firebase-common:19.5.0] AndroidManifest.xml:35:13-43
68            android:exported="false" >
68-->[com.google.firebase:firebase-inappmessaging:19.1.5] AndroidManifest.xml:16:13-37
69            <meta-data
69-->[com.google.firebase:firebase-inappmessaging:19.1.5] AndroidManifest.xml:17:13-19:85
70                android:name="com.google.firebase.components:com.google.firebase.inappmessaging.FirebaseInAppMessagingRegistrar"
70-->[com.google.firebase:firebase-inappmessaging:19.1.5] AndroidManifest.xml:18:17-129
71                android:value="com.google.firebase.components.ComponentRegistrar" />
71-->[com.google.firebase:firebase-inappmessaging:19.1.5] AndroidManifest.xml:19:17-82
72            <meta-data
72-->[com.google.firebase:firebase-abt:20.0.0] AndroidManifest.xml:13:13-15:85
73                android:name="com.google.firebase.components:com.google.firebase.abt.component.AbtRegistrar"
73-->[com.google.firebase:firebase-abt:20.0.0] AndroidManifest.xml:14:17-109
74                android:value="com.google.firebase.components.ComponentRegistrar" />
74-->[com.google.firebase:firebase-abt:20.0.0] AndroidManifest.xml:15:17-82
75            <meta-data
75-->[com.google.firebase:firebase-datatransport:17.0.11] AndroidManifest.xml:28:13-30:85
76                android:name="com.google.firebase.components:com.google.firebase.datatransport.TransportRegistrar"
76-->[com.google.firebase:firebase-datatransport:17.0.11] AndroidManifest.xml:29:17-115
77                android:value="com.google.firebase.components.ComponentRegistrar" />
77-->[com.google.firebase:firebase-datatransport:17.0.11] AndroidManifest.xml:30:17-82
78            <meta-data
78-->[com.google.firebase:firebase-installations:16.3.5] AndroidManifest.xml:18:13-20:85
79                android:name="com.google.firebase.components:com.google.firebase.installations.FirebaseInstallationsRegistrar"
79-->[com.google.firebase:firebase-installations:16.3.5] AndroidManifest.xml:19:17-127
80                android:value="com.google.firebase.components.ComponentRegistrar" />
80-->[com.google.firebase:firebase-installations:16.3.5] AndroidManifest.xml:20:17-82
81            <!--
82                This registrar is not defined in the dynamic-module-support sdk itself to allow non-firebase
83                clients to use it as well, by defining this registrar in their own core/common library.
84            -->
85            <meta-data
85-->[com.google.firebase:firebase-common:19.5.0] AndroidManifest.xml:43:13-45:85
86                android:name="com.google.firebase.components:com.google.firebase.dynamicloading.DynamicLoadingRegistrar"
86-->[com.google.firebase:firebase-common:19.5.0] AndroidManifest.xml:44:17-121
87                android:value="com.google.firebase.components.ComponentRegistrar" />
87-->[com.google.firebase:firebase-common:19.5.0] AndroidManifest.xml:45:17-82
88        </service>
89
90        <provider
90-->[com.google.firebase:firebase-common:19.5.0] AndroidManifest.xml:26:9-31:39
91            android:name="com.google.firebase.provider.FirebaseInitProvider"
91-->[com.google.firebase:firebase-common:19.5.0] AndroidManifest.xml:27:13-77
92            android:authorities="com.example.magdadmilbat.firebaseinitprovider"
92-->[com.google.firebase:firebase-common:19.5.0] AndroidManifest.xml:28:13-72
93            android:directBootAware="true"
93-->[com.google.firebase:firebase-common:19.5.0] AndroidManifest.xml:29:13-43
94            android:exported="false"
94-->[com.google.firebase:firebase-common:19.5.0] AndroidManifest.xml:30:13-37
95            android:initOrder="100" />
95-->[com.google.firebase:firebase-common:19.5.0] AndroidManifest.xml:31:13-36
96
97        <meta-data
97-->[com.google.android.gms:play-services-basement:17.2.1] AndroidManifest.xml:23:9-25:69
98            android:name="com.google.android.gms.version"
98-->[com.google.android.gms:play-services-basement:17.2.1] AndroidManifest.xml:24:13-58
99            android:value="@integer/google_play_services_version" />
99-->[com.google.android.gms:play-services-basement:17.2.1] AndroidManifest.xml:25:13-66
100
101        <service
101-->[com.google.android.datatransport:transport-backend-cct:2.3.3] AndroidManifest.xml:29:9-35:19
102            android:name="com.google.android.datatransport.runtime.backends.TransportBackendDiscovery"
102-->[com.google.android.datatransport:transport-backend-cct:2.3.3] AndroidManifest.xml:30:13-103
103            android:exported="false" >
103-->[com.google.android.datatransport:transport-backend-cct:2.3.3] AndroidManifest.xml:31:13-37
104            <meta-data
104-->[com.google.android.datatransport:transport-backend-cct:2.3.3] AndroidManifest.xml:32:13-34:39
105                android:name="backend:com.google.android.datatransport.cct.CctBackendFactory"
105-->[com.google.android.datatransport:transport-backend-cct:2.3.3] AndroidManifest.xml:33:17-94
106                android:value="cct" />
106-->[com.google.android.datatransport:transport-backend-cct:2.3.3] AndroidManifest.xml:34:17-36
107        </service>
108        <service
108-->[com.google.android.datatransport:transport-runtime:2.2.6] AndroidManifest.xml:26:9-30:19
109            android:name="com.google.android.datatransport.runtime.scheduling.jobscheduling.JobInfoSchedulerService"
109-->[com.google.android.datatransport:transport-runtime:2.2.6] AndroidManifest.xml:27:13-117
110            android:exported="false"
110-->[com.google.android.datatransport:transport-runtime:2.2.6] AndroidManifest.xml:28:13-37
111            android:permission="android.permission.BIND_JOB_SERVICE" >
111-->[com.google.android.datatransport:transport-runtime:2.2.6] AndroidManifest.xml:29:13-69
112        </service>
113
114        <receiver
114-->[com.google.android.datatransport:transport-runtime:2.2.6] AndroidManifest.xml:32:9-34:40
115            android:name="com.google.android.datatransport.runtime.scheduling.jobscheduling.AlarmManagerSchedulerBroadcastReceiver"
115-->[com.google.android.datatransport:transport-runtime:2.2.6] AndroidManifest.xml:33:13-132
116            android:exported="false" />
116-->[com.google.android.datatransport:transport-runtime:2.2.6] AndroidManifest.xml:34:13-37
117    </application>
118
119</manifest>